<?xml version="1.0" encoding="UTF-8"?>
<!-- Generated by org.testng.reporters.JUnitReportReporter -->
<testsuite skipped="1" hostname="DESKTOP-0FI9SDJ" name="org.rahulshettyacademy.DemoTest" tests="1" failures="0" timestamp="2021-02-09T17:25:59 GMT" time="0.000" errors="0">
  <testcase name="flightTest" time="0.000" classname="org.rahulshettyacademy.DemoTest">
    <skipped/>
  </testcase> <!-- flightTest -->
  <system-out/>
</testsuite> <!-- org.rahulshettyacademy.DemoTest -->
